<?xml version="1.0" encoding="UTF-8"?>
<testsuite name="CalcTest" tests="4" skipped="0" failures="0" errors="0" timestamp="2022-03-09T17:35:45" hostname="HARRIS" time="0.022">
  <properties/>
  <testcase name="suBTest()" classname="CalcTest" time="0.016"/>
  <testcase name="suMTest()" classname="CalcTest" time="0.0"/>
  <testcase name="mulTTest()" classname="CalcTest" time="0.003"/>
  <testcase name="diVTest()" classname="CalcTest" time="0.001"/>
  <system-out><![CDATA[]]></system-out>
  <system-err><![CDATA[]]></system-err>
</testsuite>
